[32m
  ▄████▄   ▒█████   ███▄ ▄███▓ ██▓███   ██▓ ██▓    ▓█████      ██████  ██▓  ▄████  ██░ ██ ▄▄▄█████▓
 ▒██▀ ▀█  ▒██▒  ██▒▓██▒▀█▀ ██▒▓██░  ██▒▓██▒▓██▒    ▓█   ▀    ▒██    ▒ ▓██▒ ██▒ ▀█▒▓██░ ██▒▓  ██▒ ▓▒
 ▒▓█    ▄ ▒██░  ██▒▓██    ▓██░▓██░ ██▓▒▒██▒▒██░    ▒███      ░ ▓██▄   ▒██▒▒██░▄▄▄░▒██▀▀██░▒ ▓██░ ▒░
 ▒▓▓▄ ▄██▒▒██   ██░▒██    ▒██ ▒██▄█▓▒ ▒░██░▒██░    ▒▓█  ▄      ▒   ██▒░██░░▓█  ██▓░▓█ ░██ ░ ▓██▓ ░ 
 ▒ ▓███▀ ░░ ████▓▒░▒██▒   ░██▒▒██▒ ░  ░░██░░██████▒░▒████▒   ▒██████▒▒░██░░▒▓███▀▒░▓█▒░██▓  ▒██▒ ░ 
 ░ ░▒ ▒  ░░ ▒░▒░▒░ ░ ▒░   ░  ░▒▓▒░ ░  ░░▓  ░ ▒░▓  ░░░ ▒░ ░   ▒ ▒▓▒ ▒ ░░▓   ░▒   ▒  ▒ ░░▒░▒  ▒ ░░   
   ░  ▒     ░ ▒ ▒░ ░  ░      ░░▒ ░      ▒ ░░ ░ ▒  ░ ░ ░  ░   ░ ░▒  ░ ░ ▒ ░  ░   ░  ▒ ░▒░ ░    ░    
 ░        ░ ░ ░ ▒  ░      ░   ░░        ▒ ░  ░ ░      ░      ░  ░  ░   ▒ ░░ ░   ░  ░  ░░ ░  ░      
 ░ ░          ░ ░         ░             ░      ░  ░   ░  ░         ░   ░        ░  ░  ░  ░         
 ░                                                                                                 
 [0m
[33mobj[0m sources/diagnostics/exception.o
[33mobj[0m sources/core/map.o
[1msources/core/map.cpp:8:9: [0m[0;1;31merror: [0m[1mcannot initialize a member subobject of type 'node **' with an rvalue of type 'cs::core::entry **'[0m
    8 | : _data{cs::calloc<pointer>(DEFAULT_SIZE)},[0m
      | [0;1;32m        ^~~~~~~~~~~~~~~~~~~~~~~~~~~~~~~~~
[0m[1msources/core/map.cpp:104:21: [0m[0;1;31merror: [0m[1mno member named 'file' in 'cs::core::map::node'[0m
  104 |                 if (_data[index]->file() == file) {[0m
      | [0;1;32m                    ~~~~~~~~~~~~  ^
[0m[1msources/core/map.cpp:105:18: [0m[0;1;31merror: [0m[1mno member named '_issues' in 'cs::core::map::node'[0m
  105 |                         _data[index]->_issues.push(cs::move(___iss));[0m
      | [0;1;32m                        ~~~~~~~~~~~~  ^
[0m[1msources/core/map.cpp:119:17: [0m[0;1;31merror: [0m[1mincompatible pointer types assigning to 'node *' from 'cs::core::entry *'[0m
  119 |         _data[index] = cs::malloc<value_type>();[0m
      | [0;1;32m                       ^~~~~~~~~~~~~~~~~~~~~~~~
[0m[1msources/core/map.cpp:122:2: [0m[0;1;31merror: [0m[1mno matching function for call to 'construct'[0m
  122 |         cs::lifecycle<value_type>::construct(_data[index],[0m
      | [0;1;32m        ^~~~~~~~~~~~~~~~~~~~~~~~~~~~~~~~~~~~
[0m[1mincludes/cs/memory/lifecycle.hpp:55:26: [0m[0;1;36mnote: [0mcandidate function not viable: requires 2 arguments, but 3 were provided[0m
   55 |                         static constexpr auto construct(pointer ___p, const value_type& ___value)[0m
      | [0;1;32m                                              ^         ~~~~~~~~~~~~~~~~~~~~~~~~~~~~~~~~~~~~~~~~
[0m[1mincludes/cs/memory/lifecycle.hpp:63:26: [0m[0;1;36mnote: [0mcandidate function not viable: requires 2 arguments, but 3 were provided[0m
   63 |                         static constexpr auto construct(pointer ___p, value_type&& ___value)[0m
      | [0;1;32m                                              ^         ~~~~~~~~~~~~~~~~~~~~~~~~~~~~~~~~~~~
[0m[1mincludes/cs/memory/lifecycle.hpp:74:26: [0m[0;1;36mnote: [0mcandidate function template not viable: no known conversion from 'node *' to 'pointer' (aka 'cs::core::entry *') for 1st argument[0m
   74 |                         static constexpr auto construct(pointer ___p, ___params&&... ___args)[0m
      | [0;1;32m                                              ^         ~~~~~~~~~~~~
[0m[1mincludes/cs/memory/lifecycle.hpp:47:26: [0m[0;1;36mnote: [0mcandidate function not viable: requires single argument '___p', but 3 arguments were provided[0m
   47 |                         static constexpr auto construct(pointer ___p)[0m
      | [0;1;32m                                              ^         ~~~~~~~~~~~~
[0m[1msources/core/map.cpp:144:21: [0m[0;1;31merror: [0m[1mno member named 'file' in 'cs::core::map::node'[0m
  144 |                 if (_data[index]->file() == file)[0m
      | [0;1;32m                    ~~~~~~~~~~~~  ^
[0m[1msources/core/map.cpp:145:11: [0m[0;1;31merror: [0m[1mcannot initialize return object of type 'const_pointer' (aka 'const cs::core::entry *') with an lvalue of type 'node *'[0m
  145 |                         return _data[index];[0m
      | [0;1;32m                               ^~~~~~~~~~~~
[0m[1msources/core/map.cpp:178:12: [0m[0;1;31merror: [0m[1mcannot initialize a variable of type 'pointer *' (aka 'cs::core::entry **') with an lvalue of type 'node **'[0m
  178 |         pointer*  it = _data;[0m
      | [0;1;32m                  ^    ~~~~~
[0m[1msources/core/map.cpp:218:39: [0m[0;1;31merror: [0m[1mno member named 'file' in 'cs::core::map::node'[0m
  218 |                 auto idx = ___self::_hash(_data[i]->file()) % ___cp;[0m
      | [0;1;32m                                          ~~~~~~~~  ^
[0m[1msources/core/map.cpp:238:10: [0m[0;1;31merror: [0m[1mincompatible pointer types assigning to 'node **' from 'cs::core::entry **'[0m
  238 |         _data = ___new;[0m
      | [0;1;32m                ^~~~~~
[0m10 errors generated.
gmake: *** [Makefile:196: sources/core/map.o] Error 1
gmake: *** Waiting for unfinished jobs....
[33mobj[0m sources/network/server.o
In file included from sources/network/server.cpp:3:
In file included from includes/cs/network/dispatch.hpp:12:
In file included from includes/cs/memory/unique_ptr.hpp:10:
[1mincludes/cs/type_traits/is_base_of.hpp:42:23: [0m[0;1;31merror: [0m[1matomic constraint must be of type 'bool' (found 'cs::bool_constant<decltype(cs::___impl::___test_is_base_of<io_event, client>(0))::value>' (aka 'integral_constant<bool, true>'))[0m
   42 |         concept is_base_of = cs::bool_constant<[0m
      | [0;1;32m                             ^~~~~~~~~~~~~~~~~~
[0m   43 |         /*[0m
      | [0;1;32m        ~~
[0m   44 |                         std::is_class<Base>::value &&[0m
      | [0;1;32m                        ~~~~~~~~~~~~~~~~~~~~~~~~~~~~~
[0m   45 |                         std::is_class<Derived>::value &&[0m
      | [0;1;32m                        ~~~~~~~~~~~~~~~~~~~~~~~~~~~~~~~~
[0m   46 |                         */[0m
      | [0;1;32m                        ~~
[0m   47 |                         decltype(cs::___impl::___test_is_base_of<___base, ___derived>(0))::value[0m
      | [0;1;32m                        ~~~~~~~~~~~~~~~~~~~~~~~~~~~~~~~~~~~~~~~~~~~~~~~~~~~~~~~~~~~~~~~~~~~~~~~~
[0m   48 |                         > {};[0m
      | [0;1;32m                        ~~~~
[0m[1mincludes/cs/memory/unique_ptr.hpp:102:19: [0m[0;1;36mnote: [0mwhile checking the satisfaction of concept 'is_base_of<cs::io_event, cs::client>' requested here[0m
  102 |                                 static_assert(cs::is_base_of<___type, ___tp>,[0m
      | [0;1;32m                                              ^~~~~~~~~~~~~~~~~~~~~~~~~~~~~~
[0m[1mincludes/cs/network/dispatch.hpp:89:17: [0m[0;1;36mnote: [0min instantiation of function template specialization 'cs::unique_ptr<cs::io_event>::unique_ptr<cs::client>' requested here[0m
   89 |                                 (___sh._add(cs::forward<___ios>(___args)), ...);[0m
      | [0;1;32m                                            ^
[0m[1msources/network/server.cpp:77:16: [0m[0;1;36mnote: [0min instantiation of function template specialization 'cs::dispatch::add<cs::unique_ptr<cs::client>>' requested here[0m
   77 |         cs::dispatch::add([0m
      | [0;1;32m                      ^
[0m1 error generated.
gmake: *** [Makefile:196: sources/network/server.o] Error 1
[33mobj[0m sources/http/parser.o
[33mobj[0m sources/main.o
In file included from sources/main.cpp:3:
In file included from includes/cs/core/parser.hpp:8:
[1mincludes/cs/map.hpp:205:8: [0m[0;1;31merror: [0m[1mno matching function for call to object of type '(lambda at includes/cs/html.hpp:159:19)'[0m
  205 |                                                         ___fu(*_data[i], cs::forward<___params>(___args)...); }[0m
      | [0;1;32m                                                        ^~~~~
[0m[1mincludes/cs/html.hpp:159:10: [0m[0;1;36mnote: [0min instantiation of function template specialization 'cs::core::map::for_each<(lambda at includes/cs/html.hpp:159:19), cs::string &>' requested here[0m
  159 |                 ___map.for_each([](const cs::core::entry& e, cs::string& json) {[0m
      | [0;1;32m                       ^
[0m[1mincludes/cs/html.hpp:159:19: [0m[0;1;36mnote: [0mcandidate function not viable: no known conversion from 'node' to 'const cs::core::entry' for 1st argument[0m
  159 |                 ___map.for_each([](const cs::core::entry& e, cs::string& json) {[0m
      | [0;1;32m                                ^  ~~~~~~~~~~~~~~~~~~~~~~~~
[0m[1mincludes/cs/html.hpp:159:19: [0m[0;1;36mnote: [0mconversion candidate of type 'void (*)(const cs::core::entry &, cs::string &)'[0m
In file included from sources/main.cpp:3:
In file included from includes/cs/core/parser.hpp:8:
[1mincludes/cs/map.hpp:189:8: [0m[0;1;31merror: [0m[1mno matching function for call to object of type '(lambda at sources/main.cpp:145:14)'[0m
  189 |                                                         ___fu(*_data[i], cs::forward<___params>(___args)...); }[0m
      | [0;1;32m                                                        ^~~~~
[0m[1msources/main.cpp:145:5: [0m[0;1;36mnote: [0min instantiation of function template specialization 'cs::core::map::for_each<(lambda at sources/main.cpp:145:14)>' requested here[0m
  145 |                 m.for_each([&](const cs::core::entry& e) {[0m
      | [0;1;32m                  ^
[0m[1msources/main.cpp:145:14: [0m[0;1;36mnote: [0mcandidate function not viable: no known conversion from 'node' to 'const cs::core::entry' for 1st argument[0m
  145 |                 m.for_each([&](const cs::core::entry& e) {[0m
      | [0;1;32m                           ^   ~~~~~~~~~~~~~~~~~~~~~~~~
[0mIn file included from sources/main.cpp:7:
In file included from includes/cs/network/dispatch.hpp:12:
In file included from includes/cs/memory/unique_ptr.hpp:10:
[1mincludes/cs/type_traits/is_base_of.hpp:42:23: [0m[0;1;31merror: [0m[1matomic constraint must be of type 'bool' (found 'cs::bool_constant<decltype(cs::___impl::___test_is_base_of<io_event, server>(0))::value>' (aka 'integral_constant<bool, true>'))[0m
   42 |         concept is_base_of = cs::bool_constant<[0m
      | [0;1;32m                             ^~~~~~~~~~~~~~~~~~
[0m   43 |         /*[0m
      | [0;1;32m        ~~
[0m   44 |                         std::is_class<Base>::value &&[0m
      | [0;1;32m                        ~~~~~~~~~~~~~~~~~~~~~~~~~~~~~
[0m   45 |                         std::is_class<Derived>::value &&[0m
      | [0;1;32m                        ~~~~~~~~~~~~~~~~~~~~~~~~~~~~~~~~
[0m   46 |                         */[0m
      | [0;1;32m                        ~~
[0m   47 |                         decltype(cs::___impl::___test_is_base_of<___base, ___derived>(0))::value[0m
      | [0;1;32m                        ~~~~~~~~~~~~~~~~~~~~~~~~~~~~~~~~~~~~~~~~~~~~~~~~~~~~~~~~~~~~~~~~~~~~~~~~
[0m   48 |                         > {};[0m
      | [0;1;32m                        ~~~~
[0m[1mincludes/cs/memory/unique_ptr.hpp:102:19: [0m[0;1;36mnote: [0mwhile checking the satisfaction of concept 'is_base_of<cs::io_event, cs::server>' requested here[0m
  102 |                                 static_assert(cs::is_base_of<___type, ___tp>,[0m
      | [0;1;32m                                              ^~~~~~~~~~~~~~~~~~~~~~~~~~~~~~
[0m[1mincludes/cs/network/dispatch.hpp:89:17: [0m[0;1;36mnote: [0min instantiation of function template specialization 'cs::unique_ptr<cs::io_event>::unique_ptr<cs::server>' requested here[0m
   89 |                                 (___sh._add(cs::forward<___ios>(___args)), ...);[0m
      | [0;1;32m                                            ^
[0m[1msources/main.cpp:166:17: [0m[0;1;36mnote: [0min instantiation of function template specialization 'cs::dispatch::add<cs::unique_ptr<cs::server>>' requested here[0m
  166 |                 cs::dispatch::add([0m
      | [0;1;32m                              ^
[0m3 errors generated.
gmake: *** [Makefile:196: sources/main.o] Error 1
